[2019-09-25 00:27:41.343] [exthost] [info] extension host started
[2019-09-25 00:27:41.354] [exthost] [info] ExtensionService#_doActivateExtension vscode.debug-auto-launch {"startup":true,"activationEvent":"*"}
[2019-09-25 00:27:41.355] [exthost] [info] ExtensionService#loadCommonJSModule file:///snap/code/15/usr/share/code/resources/app/extensions/debug-auto-launch/dist/extension
[2019-09-25 00:27:41.357] [exthost] [info] ExtensionService#_doActivateExtension vscode.emmet {"startup":true,"activationEvent":"*"}
[2019-09-25 00:27:41.357] [exthost] [info] ExtensionService#loadCommonJSModule file:///snap/code/15/usr/share/code/resources/app/extensions/emmet/dist/extension
[2019-09-25 00:27:41.396] [exthost] [info] ExtensionService#_doActivateExtension vscode.git {"startup":true,"activationEvent":"*"}
[2019-09-25 00:27:41.396] [exthost] [info] ExtensionService#loadCommonJSModule file:///snap/code/15/usr/share/code/resources/app/extensions/git/dist/main
[2019-09-25 00:27:41.477] [exthost] [info] ExtensionService#_doActivateExtension vscode.merge-conflict {"startup":true,"activationEvent":"*"}
[2019-09-25 00:27:41.477] [exthost] [info] ExtensionService#loadCommonJSModule file:///snap/code/15/usr/share/code/resources/app/extensions/merge-conflict/dist/extension
[2019-09-25 00:27:41.482] [exthost] [info] ExtensionService#_doActivateExtension Glavin001.unibeautify-vscode {"startup":true,"activationEvent":"*"}
[2019-09-25 00:27:41.482] [exthost] [info] ExtensionService#loadCommonJSModule file:///home/emre/.vscode/extensions/glavin001.unibeautify-vscode-0.7.0/index.js
[2019-09-25 00:27:41.662] [exthost] [info] ExtensionService#_doActivateExtension vscode.npm {"startup":true,"activationEvent":"workspaceContains:package.json"}
[2019-09-25 00:27:41.662] [exthost] [info] ExtensionService#loadCommonJSModule file:///snap/code/15/usr/share/code/resources/app/extensions/npm/dist/main
[2019-09-25 00:27:41.995] [exthost] [info] eager extensions activated
[2019-09-25 00:28:01.602] [exthost] [info] ExtensionService#_doActivateExtension octref.vetur {"startup":false,"activationEvent":"onLanguage:vue"}
[2019-09-25 00:28:01.603] [exthost] [info] ExtensionService#loadCommonJSModule file:///home/emre/.vscode/extensions/octref.vetur-0.22.3/dist/client/vueMain
[2019-09-25 00:28:48.663] [exthost] [info] ExtensionService#_doActivateExtension vscode.extension-editing {"startup":false,"activationEvent":"onLanguage:typescript"}
[2019-09-25 00:28:48.663] [exthost] [info] ExtensionService#loadCommonJSModule file:///snap/code/15/usr/share/code/resources/app/extensions/extension-editing/dist/extension
[2019-09-25 00:28:48.712] [exthost] [info] ExtensionService#_doActivateExtension vscode.typescript-language-features {"startup":false,"activationEvent":"onLanguage:typescript"}
[2019-09-25 00:28:48.712] [exthost] [info] ExtensionService#loadCommonJSModule file:///snap/code/15/usr/share/code/resources/app/extensions/typescript-language-features/dist/extension
[2019-09-25 00:28:48.819] [exthost] [info] ExtensionService#_doActivateExtension christian-kohler.npm-intellisense {"startup":false,"activationEvent":"onLanguage:typescript"}
[2019-09-25 00:28:48.819] [exthost] [info] ExtensionService#loadCommonJSModule file:///home/emre/.vscode/extensions/christian-kohler.npm-intellisense-1.3.0/out/src/extension
[2019-09-25 00:28:48.864] [exthost] [info] ExtensionService#_doActivateExtension VisualStudioExptTeam.vscodeintellicode {"startup":false,"activationEvent":"onLanguage:typescript"}
[2019-09-25 00:28:48.865] [exthost] [info] ExtensionService#loadCommonJSModule file:///home/emre/.vscode/extensions/visualstudioexptteam.vscodeintellicode-1.1.9/dist/intellicode
[2019-09-25 00:28:49.316] [exthost] [info] ExtensionService#_doActivateExtension vscode.configuration-editing {"startup":false,"activationEvent":"onLanguage:jsonc"}
[2019-09-25 00:28:49.316] [exthost] [info] ExtensionService#loadCommonJSModule file:///snap/code/15/usr/share/code/resources/app/extensions/configuration-editing/dist/extension
[2019-09-25 00:28:49.327] [exthost] [info] ExtensionService#_doActivateExtension vscode.json-language-features {"startup":false,"activationEvent":"onLanguage:jsonc"}
[2019-09-25 00:28:49.327] [exthost] [info] ExtensionService#loadCommonJSModule file:///snap/code/15/usr/share/code/resources/app/extensions/json-language-features/client/dist/jsonMain
